Build started 12/18/2013 3:19:12 PM.
     1>Project "C:\Users\Lou\Documents\Fall 2013 Semester\C\P6\lnota1_prog6b\lnota1_prog6b\lnota1_prog6b.vcxproj" on node 2 (build target(s)).
     1>InitializeBuildStatus:
         Creating "Debug\lnota1_prog6b.unsuccessfulbuild" because "AlwaysCreate" was specified.
       ClCompile:
         c:\Program Files (x86)\Microsoft Visual Studio 10.0\VC\bin\CL.exe /c /ZI /nologo /W3 /WX- /Od /Oy- /D WIN32 /D _DEBUG /D _CONSOLE /D _UNICODE /D UNICODE /Gm /EHsc /RTC1 /MDd /GS /fp:precise /Zc:wchar_t /Zc:forScope /Fo"Debug\\" /Fd"Debug\vc100.pdb" /Gd /TC /analyze- /errorReport:prompt main.c
         main.c
     1>c:\users\lou\documents\fall 2013 semester\c\p6\lnota1_prog6b\lnota1_prog6b\main.c(32): warning C4996: 'fopen': This function or variable may be unsafe. Consider using fopen_s instead. To disable deprecation, use _CRT_SECURE_NO_WARNINGS. See online help for details.
                 c:\program files (x86)\microsoft visual studio 10.0\vc\include\stdio.h(234) : see declaration of 'fopen'
     1>c:\users\lou\documents\fall 2013 semester\c\p6\lnota1_prog6b\lnota1_prog6b\main.c(49): warning C4996: 'scanf': This function or variable may be unsafe. Consider using scanf_s instead. To disable deprecation, use _CRT_SECURE_NO_WARNINGS. See online help for details.
                 c:\program files (x86)\microsoft visual studio 10.0\vc\include\stdio.h(304) : see declaration of 'scanf'
     1>c:\users\lou\documents\fall 2013 semester\c\p6\lnota1_prog6b\lnota1_prog6b\main.c(50): warning C4996: 'scanf': This function or variable may be unsafe. Consider using scanf_s instead. To disable deprecation, use _CRT_SECURE_NO_WARNINGS. See online help for details.
                 c:\program files (x86)\microsoft visual studio 10.0\vc\include\stdio.h(304) : see declaration of 'scanf'
     1>c:\users\lou\documents\fall 2013 semester\c\p6\lnota1_prog6b\lnota1_prog6b\main.c(65): warning C4996: 'fscanf': This function or variable may be unsafe. Consider using fscanf_s instead. To disable deprecation, use _CRT_SECURE_NO_WARNINGS. See online help for details.
                 c:\program files (x86)\microsoft visual studio 10.0\vc\include\stdio.h(253) : see declaration of 'fscanf'
     1>c:\users\lou\documents\fall 2013 semester\c\p6\lnota1_prog6b\lnota1_prog6b\main.c(80): warning C4996: 'scanf': This function or variable may be unsafe. Consider using scanf_s instead. To disable deprecation, use _CRT_SECURE_NO_WARNINGS. See online help for details.
                 c:\program files (x86)\microsoft visual studio 10.0\vc\include\stdio.h(304) : see declaration of 'scanf'
     1>c:\users\lou\documents\fall 2013 semester\c\p6\lnota1_prog6b\lnota1_prog6b\main.c(81): warning C4047: 'function' : 'const char *' differs in levels of indirection from 'cstring *'
     1>c:\users\lou\documents\fall 2013 semester\c\p6\lnota1_prog6b\lnota1_prog6b\main.c(81): warning C4024: 'atoi' : different types for formal and actual parameter 1
       ManifestResourceCompile:
         All outputs are up-to-date.
       Link:
         c:\Program Files (x86)\Microsoft Visual Studio 10.0\VC\bin\link.exe /ERRORREPORT:PROMPT /OUT:"C:\Users\Lou\Documents\Fall 2013 Semester\C\P6\lnota1_prog6b\Debug\lnota1_prog6b.exe" /INCREMENTAL /NOLOGO kernel32.lib user32.lib gdi32.lib winspool.lib comdlg32.lib advapi32.lib shell32.lib ole32.lib oleaut32.lib uuid.lib odbc32.lib odbccp32.lib /MANIFEST /ManifestFile:"Debug\lnota1_prog6b.exe.intermediate.manifest" /MANIFESTUAC:"level='asInvoker' uiAccess='false'" /DEBUG /PDB:"C:\Users\Lou\Documents\Fall 2013 Semester\C\P6\lnota1_prog6b\Debug\lnota1_prog6b.pdb" /SUBSYSTEM:CONSOLE /TLBID:1 /DYNAMICBASE /NXCOMPAT /IMPLIB:"C:\Users\Lou\Documents\Fall 2013 Semester\C\P6\lnota1_prog6b\Debug\lnota1_prog6b.lib" /MACHINE:X86 Debug\lnota1_prog6b.exe.embed.manifest.res
         Debug\main.obj
         Debug\tools.obj
       Manifest:
         C:\Program Files (x86)\Microsoft SDKs\Windows\v7.0A\bin\mt.exe /nologo /verbose /out:"Debug\lnota1_prog6b.exe.embed.manifest" /manifest Debug\lnota1_prog6b.exe.intermediate.manifest
         All outputs are up-to-date.
       LinkEmbedManifest:
         All outputs are up-to-date.
         lnota1_prog6b.vcxproj -> C:\Users\Lou\Documents\Fall 2013 Semester\C\P6\lnota1_prog6b\Debug\lnota1_prog6b.exe
       FinalizeBuildStatus:
         Deleting file "Debug\lnota1_prog6b.unsuccessfulbuild".
         Touching "Debug\lnota1_prog6b.lastbuildstate".
     1>Done Building Project "C:\Users\Lou\Documents\Fall 2013 Semester\C\P6\lnota1_prog6b\lnota1_prog6b\lnota1_prog6b.vcxproj" (build target(s)).

Build succeeded.

Time Elapsed 00:00:00.92
