Build started 11/21/2013 12:54:27 PM.
     1>Project "C:\Users\Lou\Documents\Fall 2013 Semester\C\P2\lnota1_prog2\lnota1_prog2\lnota1_prog2.vcxproj" on node 2 (build target(s)).
     1>InitializeBuildStatus:
         Creating "Debug\lnota1_prog2.unsuccessfulbuild" because "AlwaysCreate" was specified.
       ClCompile:
         c:\Program Files (x86)\Microsoft Visual Studio 10.0\VC\bin\CL.exe /c /ZI /nologo /W3 /WX- /Od /Oy- /D WIN32 /D _DEBUG /D _CONSOLE /D _UNICODE /D UNICODE /Gm /EHsc /RTC1 /MDd /GS /fp:precise /Zc:wchar_t /Zc:forScope /Fo"Debug\\" /Fd"Debug\vc100.pdb" /Gd /TC /analyze- /errorReport:prompt lnota1_prog2.c
         lnota1_prog2.c
     1>c:\users\lou\documents\fall 2013 semester\c\p2\lnota1_prog2\lnota1_prog2\lnota1_prog2.c(29): warning C4996: 'fopen': This function or variable may be unsafe. Consider using fopen_s instead. To disable deprecation, use _CRT_SECURE_NO_WARNINGS. See online help for details.
                 c:\program files (x86)\microsoft visual studio 10.0\vc\include\stdio.h(234) : see declaration of 'fopen'
     1>c:\users\lou\documents\fall 2013 semester\c\p2\lnota1_prog2\lnota1_prog2\lnota1_prog2.c(33): warning C4996: 'fscanf': This function or variable may be unsafe. Consider using fscanf_s instead. To disable deprecation, use _CRT_SECURE_NO_WARNINGS. See online help for details.
                 c:\program files (x86)\microsoft visual studio 10.0\vc\include\stdio.h(253) : see declaration of 'fscanf'
       ManifestResourceCompile:
         All outputs are up-to-date.
       Link:
         c:\Program Files (x86)\Microsoft Visual Studio 10.0\VC\bin\link.exe /ERRORREPORT:PROMPT /OUT:"C:\Users\Lou\Documents\Fall 2013 Semester\C\P2\lnota1_prog2\Debug\lnota1_prog2.exe" /INCREMENTAL /NOLOGO kernel32.lib user32.lib gdi32.lib winspool.lib comdlg32.lib advapi32.lib shell32.lib ole32.lib oleaut32.lib uuid.lib odbc32.lib odbccp32.lib /MANIFEST /ManifestFile:"Debug\lnota1_prog2.exe.intermediate.manifest" /MANIFESTUAC:"level='asInvoker' uiAccess='false'" /DEBUG /PDB:"C:\Users\Lou\Documents\Fall 2013 Semester\C\P2\lnota1_prog2\Debug\lnota1_prog2.pdb" /SUBSYSTEM:CONSOLE /TLBID:1 /DYNAMICBASE /NXCOMPAT /IMPLIB:"C:\Users\Lou\Documents\Fall 2013 Semester\C\P2\lnota1_prog2\Debug\lnota1_prog2.lib" /MACHINE:X86 Debug\lnota1_prog2.exe.embed.manifest.res
         Debug\lnota1_prog2.obj
         Debug\tools.obj
       Manifest:
         C:\Program Files (x86)\Microsoft SDKs\Windows\v7.0A\bin\mt.exe /nologo /verbose /out:"Debug\lnota1_prog2.exe.embed.manifest" /manifest Debug\lnota1_prog2.exe.intermediate.manifest
         All outputs are up-to-date.
       LinkEmbedManifest:
         All outputs are up-to-date.
         lnota1_prog2.vcxproj -> C:\Users\Lou\Documents\Fall 2013 Semester\C\P2\lnota1_prog2\Debug\lnota1_prog2.exe
       FinalizeBuildStatus:
         Deleting file "Debug\lnota1_prog2.unsuccessfulbuild".
         Touching "Debug\lnota1_prog2.lastbuildstate".
     1>Done Building Project "C:\Users\Lou\Documents\Fall 2013 Semester\C\P2\lnota1_prog2\lnota1_prog2\lnota1_prog2.vcxproj" (build target(s)).

Build succeeded.

Time Elapsed 00:00:03.27
